  GUI.cpp
H:\mc\PrM Window\LauncherCore.h(259,32): warning C4267: “return”: 从“size_t”转换到“int”，可能丢失数据
H:\mc\PrM Window\LauncherCore.h(375,13): warning C4244: “=”: 从“__int64”转换到“int”，可能丢失数据
H:\mc\PrM Window\LauncherCore.h(597,36): warning C4267: “+=”: 从“size_t”转换到“int”，可能丢失数据
H:\mc\PrM Window\LauncherCore.h(740,57): warning C4267: “+=”: 从“size_t”转换到“int”，可能丢失数据
H:\mc\PrM Window\LauncherCore.h(975,23): warning C4267: “初始化”: 从“size_t”转换到“int”，可能丢失数据
H:\mc\PrM Window\LauncherCore.h(1010,25): warning C4267: “初始化”: 从“size_t”转换到“int”，可能丢失数据
H:\mc\PrM Window\LauncherCore.h(962,7): warning C4101: “version2”: 未引用的局部变量
H:\mc\PrM Window\GUI.cpp(271,7): warning C4101: “x”: 未引用的局部变量
H:\mc\PrM Window\GUI.cpp(316,6): warning C4101: “aaa”: 未引用的局部变量
H:\mc\PrM Window\GUI.cpp(303,7): warning C4101: “rt”: 未引用的局部变量
H:\mc\PrM Window\GUI.cpp(412,115): warning C4312: “类型强制转换”: 从“int”转换到更大的“HMENU”
H:\mc\PrM Window\GUI.cpp(413,119): warning C4312: “类型强制转换”: 从“int”转换到更大的“HMENU”
H:\mc\PrM Window\GUI.cpp(400,12): warning C4101: “wmEvent”: 未引用的局部变量
H:\mc\PrM Window\GUI.cpp(400,6): warning C4101: “wmId”: 未引用的局部变量
  正在生成代码
  2 of 87 functions ( 2.3%) were compiled, the rest were copied from previous compilation.
    0 functions were new in current compilation
    0 functions had inline decision re-evaluated but remain unchanged
  已完成代码的生成
  PrM Window.vcxproj -> H:\mc\PrM Window\x64\Release\PrM Lancher Alpha 1.0.exe
